<?xml version="1.0" encoding="UTF-8"?>
<testsuite xmlns:xsi="http://www.w3.org/2001/XMLSchema-instance" xsi:noNamespaceSchemaLocation="https://maven.apache.org/surefire/maven-surefire-plugin/xsd/surefire-test-report-3.0.xsd" version="3.0" name="com.pumppals.pumppalsapi.PumppalsApiApplicationTests" time="5.22" tests="1" errors="0" skipped="0" failures="0">
  <properties>
[...]
</properties>
  <testcase name="contextLoads" classname="com.pumppals.pumppalsapi.PumppalsApiApplicationTests" time="0.516">
    <system-out><![CDATA[22:31:07.833 [main] INFO org.springframework.test.context.support.AnnotationConfigContextLoaderUtils -- Could not detect default configuration classes for test class [com.pumppals.pumppalsapi.PumppalsApiApplicationTests]: PumppalsApiApplicationTests does not declare any static, non-private, non-final, nested classes annotated with @Configuration.
22:31:07.914 [main] INFO org.springframework.boot.test.context.SpringBootTestContextBootstrapper -- Found @SpringBootConfiguration com.pumppals.pumppalsapi.PumppalsApiApplication for test class com.pumppals.pumppalsapi.PumppalsApiApplicationTests
22:31:08.066 [main] INFO org.springframework.boot.devtools.restart.RestartApplicationListener -- Restart disabled due to context in which it is running

  .   ____          _            __ _ _
 /\\ / ___'_ __ _ _(_)_ __  __ _ \ \ \ \
( ( )\___ | '_ | '_| | '_ \/ _` | \ \ \ \
 \\/  ___)| |_)| | | | | || (_| |  ) ) ) )
  '  |____| .__|_| |_|_| |_\__, | / / / /
 =========|_|==============|___/=/_/_/_/
 :: Spring Boot ::                (v3.2.0)

2023-12-06T22:31:08.317-05:00  INFO 19600 --- [           main] m.p.springdotenv.DotenvPropertySource    : Initializing Dotenv with DotenvConfig{directory=null, filename=null, ignoreIfMalformed=false, ignoreIfMissing=true, systemProperties=false, prefix=null}
2023-12-06T22:31:08.335-05:00  INFO 19600 --- [           main] c.p.p.PumppalsApiApplicationTests        : Starting PumppalsApiApplicationTests using Java 17.0.9 with PID 19600 (started by mliam in C:\Users\mliam\PumpPals)
2023-12-06T22:31:08.336-05:00  INFO 19600 --- [           main] c.p.p.PumppalsApiApplicationTests        : No active profile set, falling back to 1 default profile: "default"
2023-12-06T22:31:08.963-05:00  INFO 19600 --- [           main] .s.d.r.c.RepositoryConfigurationDelegate : Bootstrapping Spring Data MongoDB repositories in DEFAULT mode.
2023-12-06T22:31:09.010-05:00  INFO 19600 --- [           main] .s.d.r.c.RepositoryConfigurationDelegate : Finished Spring Data repository scanning in 44 ms. Found 3 MongoDB repository interfaces.
2023-12-06T22:31:09.725-05:00  INFO 19600 --- [           main] org.mongodb.driver.client                : MongoClient with metadata {"driver": {"name": "mongo-java-driver|sync|spring-boot", "version": "4.11.1"}, "os": {"type": "Windows", "name": "Windows 11", "architecture": "amd64", "version": "10.0"}, "platform": "Java/Eclipse Adoptium/17.0.9+9"} created with settings MongoClientSettings{readPreference=primary, writeConcern=WriteConcern{w=null, wTimeout=null ms, journal=null}, retryWrites=true, retryReads=true, readConcern=ReadConcern{level=null}, credential=MongoCredential{mechanism=null, userName='zifo', source='admin', password=<hidden>, mechanismProperties=<hidden>}, transportSettings=null, streamFactoryFactory=null, commandListeners=[], codecRegistry=ProvidersCodecRegistry{codecProviders=[ValueCodecProvider{}, BsonValueCodecProvider{}, DBRefCodecProvider{}, DBObjectCodecProvider{}, DocumentCodecProvider{}, CollectionCodecProvider{}, IterableCodecProvider{}, MapCodecProvider{}, GeoJsonCodecProvider{}, GridFSFileCodecProvider{}, Jsr310CodecProvider{}, JsonObjectCodecProvider{}, BsonCodecProvider{}, EnumCodecProvider{}, com.mongodb.client.model.mql.ExpressionCodecProvider@5d318e91, com.mongodb.Jep395RecordCodecProvider@298b64f7, com.mongodb.KotlinCodecProvider@740b6628]}, loggerSettings=LoggerSettings{maxDocumentLength=1000}, clusterSettings={hosts=[127.0.0.1:27017], srvHost=cluster0.w6kffuz.mongodb.net, srvServiceName=mongodb, mode=MULTIPLE, requiredClusterType=REPLICA_SET, requiredReplicaSetName='atlas-8857qn-shard-0', serverSelector='null', clusterListeners='[]', serverSelectionTimeout='30000 ms', localThreshold='15 ms'}, socketSettings=SocketSettings{connectTimeoutMS=10000, readTimeoutMS=0, receiveBufferSize=0, proxySettings=ProxySettings{host=null, port=null, username=null, password=null}}, heartbeatSocketSettings=SocketSettings{connectTimeoutMS=10000, readTimeoutMS=10000, receiveBufferSize=0, proxySettings=ProxySettings{host=null, port=null, username=null, password=null}}, connectionPoolSettings=ConnectionPoolSettings{maxSize=100, minSize=0, maxWaitTimeMS=120000, maxConnectionLifeTimeMS=0, maxConnectionIdleTimeMS=0, maintenanceInitialDelayMS=0, maintenanceFrequencyMS=60000, connectionPoolListeners=[], maxConnecting=2}, serverSettings=ServerSettings{heartbeatFrequencyMS=10000, minHeartbeatFrequencyMS=500, serverListeners='[]', serverMonitorListeners='[]'}, sslSettings=SslSettings{enabled=true, invalidHostNameAllowed=false, context=null}, applicationName='null', compressorList=[], uuidRepresentation=JAVA_LEGACY, serverApi=null, autoEncryptionSettings=null, dnsClient=null, inetAddressResolver=null, contextProvider=null}
2023-12-06T22:31:09.756-05:00  INFO 19600 --- [fuz.mongodb.net] org.mongodb.driver.cluster               : Adding discovered server ac-4k38evm-shard-00-01.w6kffuz.mongodb.net:27017 to client view of cluster
2023-12-06T22:31:09.813-05:00  INFO 19600 --- [fuz.mongodb.net] org.mongodb.driver.cluster               : Adding discovered server ac-4k38evm-shard-00-02.w6kffuz.mongodb.net:27017 to client view of cluster
2023-12-06T22:31:09.815-05:00  INFO 19600 --- [fuz.mongodb.net] org.mongodb.driver.cluster               : Adding discovered server ac-4k38evm-shard-00-00.w6kffuz.mongodb.net:27017 to client view of cluster
2023-12-06T22:31:10.505-05:00  INFO 19600 --- [ngodb.net:27017] org.mongodb.driver.cluster               : Monitor thread successfully connected to server with description ServerDescription{address=ac-4k38evm-shard-00-01.w6kffuz.mongodb.net:27017, type=REPLICA_SET_PRIMARY, state=CONNECTED, ok=true, minWireVersion=0, maxWireVersion=17, maxDocumentSize=16777216, logicalSessionTimeoutMinutes=30, roundTripTimeNanos=431931000, setName='atlas-8857qn-shard-0', canonicalAddress=ac-4k38evm-shard-00-01.w6kffuz.mongodb.net:27017, hosts=[ac-4k38evm-shard-00-00.w6kffuz.mongodb.net:27017, ac-4k38evm-shard-00-01.w6kffuz.mongodb.net:27017, ac-4k38evm-shard-00-02.w6kffuz.mongodb.net:27017], passives=[], arbiters=[], primary='ac-4k38evm-shard-00-01.w6kffuz.mongodb.net:27017', tagSet=TagSet{[Tag{name='availabilityZone', value='use1-az2'}, Tag{name='nodeType', value='ELECTABLE'}, Tag{name='provider', value='AWS'}, Tag{name='region', value='US_EAST_1'}, Tag{name='workloadType', value='OPERATIONAL'}]}, electionId=7fffffff0000000000000032, setVersion=2, topologyVersion=TopologyVersion{processId=6568f2349e8e9127cd9a55bd, counter=6}, lastWriteDate=Wed Dec 06 22:31:13 EST 2023, lastUpdateTimeNanos=159872422039700}
2023-12-06T22:31:10.505-05:00  INFO 19600 --- [ngodb.net:27017] org.mongodb.driver.cluster               : Monitor thread successfully connected to server with description ServerDescription{address=ac-4k38evm-shard-00-00.w6kffuz.mongodb.net:27017, type=REPLICA_SET_SECONDARY, state=CONNECTED, ok=true, minWireVersion=0, maxWireVersion=17, maxDocumentSize=16777216, logicalSessionTimeoutMinutes=30, roundTripTimeNanos=425006300, setName='atlas-8857qn-shard-0', canonicalAddress=ac-4k38evm-shard-00-00.w6kffuz.mongodb.net:27017, hosts=[ac-4k38evm-shard-00-00.w6kffuz.mongodb.net:27017, ac-4k38evm-shard-00-01.w6kffuz.mongodb.net:27017, ac-4k38evm-shard-00-02.w6kffuz.mongodb.net:27017], passives=[], arbiters=[], primary='ac-4k38evm-shard-00-01.w6kffuz.mongodb.net:27017', tagSet=TagSet{[Tag{name='availabilityZone', value='use1-az1'}, Tag{name='nodeType', value='ELECTABLE'}, Tag{name='provider', value='AWS'}, Tag{name='region', value='US_EAST_1'}, Tag{name='workloadType', value='OPERATIONAL'}]}, electionId=null, setVersion=2, topologyVersion=TopologyVersion{processId=6568f0aa0c38789ad528dae0, counter=4}, lastWriteDate=Wed Dec 06 22:31:13 EST 2023, lastUpdateTimeNanos=159872422039600}
2023-12-06T22:31:10.505-05:00  INFO 19600 --- [ngodb.net:27017] org.mongodb.driver.cluster               : Monitor thread successfully connected to server with description ServerDescription{address=ac-4k38evm-shard-00-02.w6kffuz.mongodb.net:27017, type=REPLICA_SET_SECONDARY, state=CONNECTED, ok=true, minWireVersion=0, maxWireVersion=17, maxDocumentSize=16777216, logicalSessionTimeoutMinutes=30, roundTripTimeNanos=431949400, setName='atlas-8857qn-shard-0', canonicalAddress=ac-4k38evm-shard-00-02.w6kffuz.mongodb.net:27017, hosts=[ac-4k38evm-shard-00-00.w6kffuz.mongodb.net:27017, ac-4k38evm-shard-00-01.w6kffuz.mongodb.net:27017, ac-4k38evm-shard-00-02.w6kffuz.mongodb.net:27017], passives=[], arbiters=[], primary='ac-4k38evm-shard-00-01.w6kffuz.mongodb.net:27017', tagSet=TagSet{[Tag{name='availabilityZone', value='use1-az5'}, Tag{name='nodeType', value='ELECTABLE'}, Tag{name='provider', value='AWS'}, Tag{name='region', value='US_EAST_1'}, Tag{name='workloadType', value='OPERATIONAL'}]}, electionId=null, setVersion=2, topologyVersion=TopologyVersion{processId=6568f381eae9720158fdc917, counter=3}, lastWriteDate=Wed Dec 06 22:31:13 EST 2023, lastUpdateTimeNanos=159872422047600}
2023-12-06T22:31:10.511-05:00  INFO 19600 --- [ngodb.net:27017] org.mongodb.driver.cluster               : Discovered replica set primary ac-4k38evm-shard-00-01.w6kffuz.mongodb.net:27017 with max election id 7fffffff0000000000000032 and max set version 2
2023-12-06T22:31:11.473-05:00  INFO 19600 --- [           main] o.s.b.a.w.s.WelcomePageHandlerMapping    : Adding welcome page: class path resource [static/index.html]
2023-12-06T22:31:11.845-05:00  INFO 19600 --- [           main] o.s.s.web.DefaultSecurityFilterChain     : Will secure any request with [org.springframework.security.web.session.DisableEncodeUrlFilter@197d5a87, org.springframework.security.web.context.request.async.WebAsyncManagerIntegrationFilter@131d977f, org.springframework.security.web.context.SecurityContextHolderFilter@295f2d1b, org.springframework.security.web.header.HeaderWriterFilter@f44d033, org.springframework.web.filter.CorsFilter@616f81b5, org.springframework.security.web.authentication.logout.LogoutFilter@3b56947a, com.pumppals.pumppalsapi.filter.JwtAuthFilter@4f552aa2, org.springframework.security.web.savedrequest.RequestCacheAwareFilter@44e08a7a, org.springframework.security.web.servletapi.SecurityContextHolderAwareRequestFilter@78bd02c8, org.springframework.security.web.authentication.AnonymousAuthenticationFilter@3c8fe8ad, org.springframework.security.web.session.SessionManagementFilter@5dd23809, org.springframework.security.web.access.ExceptionTranslationFilter@4a58e0e9, org.springframework.security.web.access.intercept.AuthorizationFilter@638d2ce3]
2023-12-06T22:31:12.379-05:00  INFO 19600 --- [           main] c.p.p.PumppalsApiApplicationTests        : Started PumppalsApiApplicationTests in 4.321 seconds (process running for 5.041)
]]></system-out>
  </testcase>
</testsuite>