<?xml version="1.0" encoding="UTF-8"?>
<testsuite xmlns:xsi="http://www.w3.org/2001/XMLSchema-instance" xsi:noNamespaceSchemaLocation="https://maven.apache.org/surefire/maven-surefire-plugin/xsd/surefire-test-report-3.0.xsd" version="3.0" name="com.pumppals.pumppalsapi.PumppalsApiApplicationTests" time="2.099" tests="1" errors="0" skipped="0" failures="0">
  <properties>
[...]
</properties>
  <testcase name="contextLoads" classname="com.pumppals.pumppalsapi.PumppalsApiApplicationTests" time="0.429">
    <system-out><![CDATA[18:35:52.582 [main] INFO org.springframework.test.context.support.AnnotationConfigContextLoaderUtils -- Could not detect default configuration classes for test class [com.pumppals.pumppalsapi.PumppalsApiApplicationTests]: PumppalsApiApplicationTests does not declare any static, non-private, non-final, nested classes annotated with @Configuration.
18:35:52.627 [main] INFO org.springframework.boot.test.context.SpringBootTestContextBootstrapper -- Found @SpringBootConfiguration com.pumppals.pumppalsapi.PumppalsApiApplication for test class com.pumppals.pumppalsapi.PumppalsApiApplicationTests
18:35:52.687 [main] INFO org.springframework.boot.devtools.restart.RestartApplicationListener -- Restart disabled due to context in which it is running

  .   ____          _            __ _ _
 /\\ / ___'_ __ _ _(_)_ __  __ _ \ \ \ \
( ( )\___ | '_ | '_| | '_ \/ _` | \ \ \ \
 \\/  ___)| |_)| | | | | || (_| |  ) ) ) )
  '  |____| .__|_| |_|_| |_\__, | / / / /
 =========|_|==============|___/=/_/_/_/
 :: Spring Boot ::                (v3.2.0)

2023-12-10T18:35:52.812-05:00  INFO 24236 --- [           main] m.p.springdotenv.DotenvPropertySource    : Initializing Dotenv with DotenvConfig{directory=null, filename=null, ignoreIfMalformed=false, ignoreIfMissing=true, systemProperties=false, prefix=null}
2023-12-10T18:35:52.829-05:00  INFO 24236 --- [           main] c.p.p.PumppalsApiApplicationTests        : Starting PumppalsApiApplicationTests using Java 21.0.1 with PID 24236 (started by liamsinclair in /Users/liamsinclair/PumpPals)
2023-12-10T18:35:52.830-05:00  INFO 24236 --- [           main] c.p.p.PumppalsApiApplicationTests        : No active profile set, falling back to 1 default profile: "default"
2023-12-10T18:35:53.115-05:00  INFO 24236 --- [           main] .s.d.r.c.RepositoryConfigurationDelegate : Bootstrapping Spring Data MongoDB repositories in DEFAULT mode.
2023-12-10T18:35:53.138-05:00  INFO 24236 --- [           main] .s.d.r.c.RepositoryConfigurationDelegate : Finished Spring Data repository scanning in 21 ms. Found 3 MongoDB repository interfaces.
2023-12-10T18:35:53.388-05:00  INFO 24236 --- [           main] org.mongodb.driver.client                : MongoClient with metadata {"driver": {"name": "mongo-java-driver|sync|spring-boot", "version": "4.11.1"}, "os": {"type": "Darwin", "name": "Mac OS X", "architecture": "aarch64", "version": "14.1.1"}, "platform": "Java/Homebrew/21.0.1"} created with settings MongoClientSettings{readPreference=primary, writeConcern=WriteConcern{w=null, wTimeout=null ms, journal=null}, retryWrites=true, retryReads=true, readConcern=ReadConcern{level=null}, credential=MongoCredential{mechanism=null, userName='zifo', source='admin', password=<hidden>, mechanismProperties=<hidden>}, transportSettings=null, streamFactoryFactory=null, commandListeners=[], codecRegistry=ProvidersCodecRegistry{codecProviders=[ValueCodecProvider{}, BsonValueCodecProvider{}, DBRefCodecProvider{}, DBObjectCodecProvider{}, DocumentCodecProvider{}, CollectionCodecProvider{}, IterableCodecProvider{}, MapCodecProvider{}, GeoJsonCodecProvider{}, GridFSFileCodecProvider{}, Jsr310CodecProvider{}, JsonObjectCodecProvider{}, BsonCodecProvider{}, EnumCodecProvider{}, com.mongodb.client.model.mql.ExpressionCodecProvider@746c411c, com.mongodb.Jep395RecordCodecProvider@43ecfeb5, com.mongodb.KotlinCodecProvider@51efb731]}, loggerSettings=LoggerSettings{maxDocumentLength=1000}, clusterSettings={hosts=[127.0.0.1:27017], srvHost=cluster0.w6kffuz.mongodb.net, srvServiceName=mongodb, mode=MULTIPLE, requiredClusterType=REPLICA_SET, requiredReplicaSetName='atlas-8857qn-shard-0', serverSelector='null', clusterListeners='[]', serverSelectionTimeout='30000 ms', localThreshold='15 ms'}, socketSettings=SocketSettings{connectTimeoutMS=10000, readTimeoutMS=0, receiveBufferSize=0, proxySettings=ProxySettings{host=null, port=null, username=null, password=null}}, heartbeatSocketSettings=SocketSettings{connectTimeoutMS=10000, readTimeoutMS=10000, receiveBufferSize=0, proxySettings=ProxySettings{host=null, port=null, username=null, password=null}}, connectionPoolSettings=ConnectionPoolSettings{maxSize=100, minSize=0, maxWaitTimeMS=120000, maxConnectionLifeTimeMS=0, maxConnectionIdleTimeMS=0, maintenanceInitialDelayMS=0, maintenanceFrequencyMS=60000, connectionPoolListeners=[], maxConnecting=2}, serverSettings=ServerSettings{heartbeatFrequencyMS=10000, minHeartbeatFrequencyMS=500, serverListeners='[]', serverMonitorListeners='[]'}, sslSettings=SslSettings{enabled=true, invalidHostNameAllowed=false, context=null}, applicationName='null', compressorList=[], uuidRepresentation=JAVA_LEGACY, serverApi=null, autoEncryptionSettings=null, dnsClient=null, inetAddressResolver=null, contextProvider=null}
2023-12-10T18:35:53.399-05:00  INFO 24236 --- [fuz.mongodb.net] org.mongodb.driver.cluster               : Adding discovered server ac-4k38evm-shard-00-01.w6kffuz.mongodb.net:27017 to client view of cluster
2023-12-10T18:35:53.409-05:00  INFO 24236 --- [fuz.mongodb.net] org.mongodb.driver.cluster               : Adding discovered server ac-4k38evm-shard-00-02.w6kffuz.mongodb.net:27017 to client view of cluster
2023-12-10T18:35:53.410-05:00  INFO 24236 --- [fuz.mongodb.net] org.mongodb.driver.cluster               : Adding discovered server ac-4k38evm-shard-00-00.w6kffuz.mongodb.net:27017 to client view of cluster
2023-12-10T18:35:53.748-05:00  INFO 24236 --- [ngodb.net:27017] org.mongodb.driver.cluster               : Monitor thread successfully connected to server with description ServerDescription{address=ac-4k38evm-shard-00-02.w6kffuz.mongodb.net:27017, type=REPLICA_SET_SECONDARY, state=CONNECTED, ok=true, minWireVersion=0, maxWireVersion=17, maxDocumentSize=16777216, logicalSessionTimeoutMinutes=30, roundTripTimeNanos=185675500, setName='atlas-8857qn-shard-0', canonicalAddress=ac-4k38evm-shard-00-02.w6kffuz.mongodb.net:27017, hosts=[ac-4k38evm-shard-00-00.w6kffuz.mongodb.net:27017, ac-4k38evm-shard-00-01.w6kffuz.mongodb.net:27017, ac-4k38evm-shard-00-02.w6kffuz.mongodb.net:27017], passives=[], arbiters=[], primary='ac-4k38evm-shard-00-01.w6kffuz.mongodb.net:27017', tagSet=TagSet{[Tag{name='availabilityZone', value='use1-az5'}, Tag{name='nodeType', value='ELECTABLE'}, Tag{name='provider', value='AWS'}, Tag{name='region', value='US_EAST_1'}, Tag{name='workloadType', value='OPERATIONAL'}]}, electionId=null, setVersion=2, topologyVersion=TopologyVersion{processId=6576408f524705d9244de2d0, counter=3}, lastWriteDate=Sun Dec 10 18:35:53 EST 2023, lastUpdateTimeNanos=5660241287958}
2023-12-10T18:35:53.748-05:00  INFO 24236 --- [ngodb.net:27017] org.mongodb.driver.cluster               : Monitor thread successfully connected to server with description ServerDescription{address=ac-4k38evm-shard-00-01.w6kffuz.mongodb.net:27017, type=REPLICA_SET_PRIMARY, state=CONNECTED, ok=true, minWireVersion=0, maxWireVersion=17, maxDocumentSize=16777216, logicalSessionTimeoutMinutes=30, roundTripTimeNanos=185668000, setName='atlas-8857qn-shard-0', canonicalAddress=ac-4k38evm-shard-00-01.w6kffuz.mongodb.net:27017, hosts=[ac-4k38evm-shard-00-00.w6kffuz.mongodb.net:27017, ac-4k38evm-shard-00-01.w6kffuz.mongodb.net:27017, ac-4k38evm-shard-00-02.w6kffuz.mongodb.net:27017], passives=[], arbiters=[], primary='ac-4k38evm-shard-00-01.w6kffuz.mongodb.net:27017', tagSet=TagSet{[Tag{name='availabilityZone', value='use1-az2'}, Tag{name='nodeType', value='ELECTABLE'}, Tag{name='provider', value='AWS'}, Tag{name='region', value='US_EAST_1'}, Tag{name='workloadType', value='OPERATIONAL'}]}, electionId=7fffffff0000000000000034, setVersion=2, topologyVersion=TopologyVersion{processId=65763f7a4508e6703fe35468, counter=6}, lastWriteDate=Sun Dec 10 18:35:53 EST 2023, lastUpdateTimeNanos=5660241263208}
2023-12-10T18:35:53.749-05:00  INFO 24236 --- [ngodb.net:27017] org.mongodb.driver.cluster               : Monitor thread successfully connected to server with description ServerDescription{address=ac-4k38evm-shard-00-00.w6kffuz.mongodb.net:27017, type=REPLICA_SET_SECONDARY, state=CONNECTED, ok=true, minWireVersion=0, maxWireVersion=17, maxDocumentSize=16777216, logicalSessionTimeoutMinutes=30, roundTripTimeNanos=187490917, setName='atlas-8857qn-shard-0', canonicalAddress=ac-4k38evm-shard-00-00.w6kffuz.mongodb.net:27017, hosts=[ac-4k38evm-shard-00-00.w6kffuz.mongodb.net:27017, ac-4k38evm-shard-00-01.w6kffuz.mongodb.net:27017, ac-4k38evm-shard-00-02.w6kffuz.mongodb.net:27017], passives=[], arbiters=[], primary='ac-4k38evm-shard-00-01.w6kffuz.mongodb.net:27017', tagSet=TagSet{[Tag{name='availabilityZone', value='use1-az1'}, Tag{name='nodeType', value='ELECTABLE'}, Tag{name='provider', value='AWS'}, Tag{name='region', value='US_EAST_1'}, Tag{name='workloadType', value='OPERATIONAL'}]}, electionId=null, setVersion=2, topologyVersion=TopologyVersion{processId=65763e88a2c20405180d8d54, counter=4}, lastWriteDate=Sun Dec 10 18:35:53 EST 2023, lastUpdateTimeNanos=5660243200166}
2023-12-10T18:35:53.750-05:00  INFO 24236 --- [ngodb.net:27017] org.mongodb.driver.cluster               : Discovered replica set primary ac-4k38evm-shard-00-01.w6kffuz.mongodb.net:27017 with max election id 7fffffff0000000000000034 and max set version 2
2023-12-10T18:35:53.897-05:00  INFO 24236 --- [           main] o.s.b.a.w.s.WelcomePageHandlerMapping    : Adding welcome page: class path resource [static/index.html]
2023-12-10T18:35:53.989-05:00  INFO 24236 --- [           main] o.s.s.web.DefaultSecurityFilterChain     : Will secure any request with [org.springframework.security.web.session.DisableEncodeUrlFilter@59a5bb61, org.springframework.security.web.context.request.async.WebAsyncManagerIntegrationFilter@6f65aa58, org.springframework.security.web.context.SecurityContextHolderFilter@3fe98084, org.springframework.security.web.header.HeaderWriterFilter@46994f26, org.springframework.web.filter.CorsFilter@749f61a3, org.springframework.security.web.authentication.logout.LogoutFilter@28b5d5dc, com.pumppals.pumppalsapi.filter.JwtAuthFilter@36d7a68a, org.springframework.security.web.savedrequest.RequestCacheAwareFilter@151a6598, org.springframework.security.web.servletapi.SecurityContextHolderAwareRequestFilter@6fa3def8, org.springframework.security.web.authentication.AnonymousAuthenticationFilter@42dd7d82, org.springframework.security.web.session.SessionManagementFilter@5dacf18d, org.springframework.security.web.access.ExceptionTranslationFilter@13b29b34, org.springframework.security.web.access.intercept.AuthorizationFilter@1d556461]
2023-12-10T18:35:54.137-05:00  INFO 24236 --- [           main] c.p.p.PumppalsApiApplicationTests        : Started PumppalsApiApplicationTests in 1.453 seconds (process running for 1.897)
]]></system-out>
    <system-err><![CDATA[WARNING: A Java agent has been loaded dynamically (/Users/liamsinclair/.m2/repository/net/bytebuddy/byte-buddy-agent/1.14.10/byte-buddy-agent-1.14.10.jar)
WARNING: If a serviceability tool is in use, please run with -XX:+EnableDynamicAgentLoading to hide this warning
WARNING: If a serviceability tool is not in use, please run with -Djdk.instrument.traceUsage for more information
WARNING: Dynamic loading of agents will be disallowed by default in a future release
]]></system-err>
  </testcase>
</testsuite>